  Camera.cpp
  CheckerShader.cpp
D:\Skola\ACGM\Git\ACGM_Project\Project\ACGM_RayTracer_lib\src\CheckerShader.cpp(11,20): warning C4305: 'initializing': truncation from 'double' to 'float'
D:\Skola\ACGM\Git\ACGM_Project\Project\ACGM_RayTracer_lib\src\CheckerShader.cpp(17,13): warning C4244: 'initializing': conversion from 'float' to 'int', possible loss of data
  DirectionalLight.cpp
  Light.cpp
  Mesh.cpp
D:\Skola\ACGM\Git\ACGM_Project\Project\ACGM_RayTracer_lib\src\Mesh.cpp(59,22): warning C4244: 'initializing': conversion from 'double' to 'float', possible loss of data
  Model.cpp
  PhongShader.cpp
  Plane.cpp
  PointLight.cpp
  Ray.cpp
  Scene.cpp
D:\Skola\ACGM\Git\ACGM_Project\Project\ACGM_RayTracer_lib\src\Scene.cpp(28,13): warning C4244: 'initializing': conversion from 'double' to 'float', possible loss of data
D:\Skola\ACGM\Git\ACGM_Project\Project\ACGM_RayTracer_lib\src\Scene.cpp(42,33): warning C4018: '<': signed/unsigned mismatch
D:\Skola\ACGM\Git\ACGM_Project\Project\ACGM_RayTracer_lib\src\Scene.cpp(124,13): warning C4244: '=': conversion from 'double' to 'float', possible loss of data
  SceneImporter.cpp
D:\Skola\ACGM\Git\ACGM_Project\Project\ACGM_RayTracer_lib\src\SceneImporter.cpp(75,24): warning C4267: 'argument': conversion from 'size_t' to 'glm::mat<4,4,float,0>::length_type', possible loss of data
D:\Skola\ACGM\Git\ACGM_Project\Project\ACGM_RayTracer_lib\src\SceneImporter.cpp(75,39): warning C4267: 'argument': conversion from 'size_t' to 'glm::mat<4,4,float,0>::length_type', possible loss of data
D:\Skola\ACGM\Git\ACGM_Project\Project\ACGM_RayTracer_lib\src\SceneImporter.cpp(75,54): warning C4267: 'argument': conversion from 'size_t' to 'glm::mat<4,4,float,0>::length_type', possible loss of data
D:\Skola\ACGM\Git\ACGM_Project\Project\ACGM_RayTracer_lib\src\SceneImporter.cpp(75,69): warning C4267: 'argument': conversion from 'size_t' to 'glm::mat<4,4,float,0>::length_type', possible loss of data
  Shader.cpp
  Sphere.cpp
D:\Skola\ACGM\Git\ACGM_Project\Project\ACGM_RayTracer_lib\src\Sphere.cpp(26,14): warning C4244: 'initializing': conversion from 'double' to 'float', possible loss of data
D:\Skola\ACGM\Git\ACGM_Project\Project\ACGM_RayTracer_lib\src\Sphere.cpp(32,14): warning C4244: 'initializing': conversion from 'double' to 'float', possible loss of data
  SpotLight.cpp
  Generating Code...
  ACGM_RayTracer_lib.vcxproj -> D:\Skola\ACGM\Git\ACGM_Project\Project\x64\Debug\ACGM_RayTracer_lib.lib
